<?xml version="1.0" encoding="UTF-8"?>
<!-- Generated by org.testng.reporters.JUnitReportReporter -->
<testsuite skipped="0" hostname="LAPTOP-HPGRN3FM" name="com.absa.testcasas.AddUserTC00_2" tests="1" failures="0" timestamp="16 Oct 2019 12:05:48 GMT" time="2.289" errors="0">
  <testcase name="AddFirstUser" time="2.289" classname="com.absa.testcasas.AddUserTC00_2"/>
</testsuite> <!-- com.absa.testcasas.AddUserTC00_2 -->
